{"uuid":"874ea137-a0ab-45de-a70d-35cf1b1e2eb7","historyId":"f1069c81b71359b762af03bfd0cdf07e","fullName":"com.airbnbselenidetest.UserActions.dragAndDropTest","labels":[{"name":"package","value":"com.airbnbselenidetest.UserActions"},{"name":"testClass","value":"com.airbnbselenidetest.UserActions"},{"name":"testMethod","value":"dragAndDropTest"},{"name":"parentSuite","value":"Default Suite"},{"name":"suite","value":"airbnbSelenideTest"},{"name":"subSuite","value":"com.airbnbselenidetest.UserActions"},{"name":"host","value":"DevOps"},{"name":"thread","value":"16828@DevOps.main(1)"},{"name":"framework","value":"testng"},{"name":"language","value":"java"}],"links":[],"name":"dragAndDropTest","status":"failed","statusDetails":{"known":false,"muted":false,"flaky":false,"message":"No frame found with id/name: demo-frame\r\nScreenshot: file:/C:/Users/devop/IdeaProjects/airbnbSelenideTest/build/reports/tests/1670337480958.0.png\r\nPage source: file:/C:/Users/devop/IdeaProjects/airbnbSelenideTest/build/reports/tests/1670337480958.0.html\r\nTimeout: 4 s.\r\nCaused by: TimeoutException: Expected condition failed: waiting for frame to be available: demo-frame (tried for 4 second(s) with 200 milliseconds interval)","trace":"No frame found with id/name: demo-frame\r\nScreenshot: file:/C:/Users/devop/IdeaProjects/airbnbSelenideTest/build/reports/tests/1670337480958.0.png\r\nPage source: file:/C:/Users/devop/IdeaProjects/airbnbSelenideTest/build/reports/tests/1670337480958.0.html\r\nTimeout: 4 s.\r\nCaused by: TimeoutException: Expected condition failed: waiting for frame to be available: demo-frame (tried for 4 second(s) with 200 milliseconds interval)\r\n\tat com.codeborne.selenide.SelenideTargetLocator.frameNotFoundError(SelenideTargetLocator.java:300)\r\n\tat com.codeborne.selenide.SelenideTargetLocator.lambda$frame$1(SelenideTargetLocator.java:116)\r\n\tat com.codeborne.selenide.logevents.SelenideLogger.get(SelenideLogger.java:166)\r\n\tat com.codeborne.selenide.SelenideTargetLocator.frame(SelenideTargetLocator.java:111)\r\n\tat com.codeborne.selenide.SelenideTargetLocator.frame(SelenideTargetLocator.java:77)\r\n\tat com.airbnbselenidetest.UserActions.dragAndDropTest(UserActions.java:31)\r\n\tat java.base/jdk.internal.reflect.NativeMethodAccessorImpl.invoke0(Native Method)\r\n\tat java.base/jdk.internal.reflect.NativeMethodAccessorImpl.invoke(NativeMethodAccessorImpl.java:62)\r\n\tat java.base/jdk.internal.reflect.DelegatingMethodAccessorImpl.invoke(DelegatingMethodAccessorImpl.java:43)\r\n\tat java.base/java.lang.reflect.Method.invoke(Method.java:566)\r\n\tat org.testng.internal.invokers.MethodInvocationHelper.invokeMethod(MethodInvocationHelper.java:139)\r\n\tat org.testng.internal.invokers.TestInvoker.invokeMethod(TestInvoker.java:677)\r\n\tat org.testng.internal.invokers.TestInvoker.invokeTestMethod(TestInvoker.java:221)\r\n\tat org.testng.internal.invokers.MethodRunner.runInSequence(MethodRunner.java:50)\r\n\tat org.testng.internal.invokers.TestInvoker$MethodInvocationAgent.invoke(TestInvoker.java:962)\r\n\tat org.testng.internal.invokers.TestInvoker.invokeTestMethods(TestInvoker.java:194)\r\n\tat org.testng.internal.invokers.TestMethodWorker.invokeTestMethods(TestMethodWorker.java:148)\r\n\tat org.testng.internal.invokers.TestMethodWorker.run(TestMethodWorker.java:128)\r\n\tat java.base/java.util.ArrayList.forEach(ArrayList.java:1541)\r\n\tat org.testng.TestRunner.privateRun(TestRunner.java:806)\r\n\tat org.testng.TestRunner.run(TestRunner.java:601)\r\n\tat org.testng.SuiteRunner.runTest(SuiteRunner.java:433)\r\n\tat org.testng.SuiteRunner.runSequentially(SuiteRunner.java:427)\r\n\tat org.testng.SuiteRunner.privateRun(SuiteRunner.java:387)\r\n\tat org.testng.SuiteRunner.run(SuiteRunner.java:330)\r\n\tat org.testng.SuiteRunnerWorker.runSuite(SuiteRunnerWorker.java:52)\r\n\tat org.testng.SuiteRunnerWorker.run(SuiteRunnerWorker.java:95)\r\n\tat org.testng.TestNG.runSuitesSequentially(TestNG.java:1256)\r\n\tat org.testng.TestNG.runSuitesLocally(TestNG.java:1176)\r\n\tat org.testng.TestNG.runSuites(TestNG.java:1099)\r\n\tat org.testng.TestNG.run(TestNG.java:1067)\r\n\tat com.intellij.rt.testng.IDEARemoteTestNG.run(IDEARemoteTestNG.java:66)\r\n\tat com.intellij.rt.testng.RemoteTestNGStarter.main(RemoteTestNGStarter.java:109)\r\nCaused by: org.openqa.selenium.TimeoutException: Expected condition failed: waiting for frame to be available: demo-frame (tried for 4 second(s) with 200 milliseconds interval)\nBuild info: version: '4.6.0', revision: '79f1c02ae20'\nSystem info: os.name: 'Windows 11', os.arch: 'amd64', os.version: '10.0', java.version: '11.0.16.1'\nDriver info: driver.version: unknown\r\n\tat org.openqa.selenium.support.ui.FluentWait.timeoutException(FluentWait.java:263)\r\n\tat org.openqa.selenium.support.ui.FluentWait.until(FluentWait.java:231)\r\n\tat com.codeborne.selenide.SelenideTargetLocator.lambda$frame$1(SelenideTargetLocator.java:113)\r\n\t... 31 more\r\n"},"stage":"finished","steps":[],"attachments":[],"parameters":[],"start":1670337472038,"stop":1670337481094}